Determining if the pthread_create exist failed with the following output:
Change Dir: /home/binx/Documents/Research/Crazy/build/CMakeFiles/CMakeTmp

Run Build Command:/usr/bin/make "cmTryCompileExec1002420428/fast"
/usr/bin/make -f CMakeFiles/cmTryCompileExec1002420428.dir/build.make CMakeFiles/cmTryCompileExec1002420428.dir/build
make[1]: Entering directory `/home/binx/Documents/Research/Crazy/build/CMakeFiles/CMakeTmp'
/usr/bin/cmake -E cmake_progress_report /home/binx/Documents/Research/Crazy/build/CMakeFiles/CMakeTmp/CMakeFiles 1
Building C object CMakeFiles/cmTryCompileExec1002420428.dir/CheckSymbolExists.c.o
/usr/bin/cc    -o CMakeFiles/cmTryCompileExec1002420428.dir/CheckSymbolExists.c.o   -c /home/binx/Documents/Research/Crazy/build/CMakeFiles/CMakeTmp/CheckSymbolExists.c
Linking C executable cmTryCompileExec1002420428
/usr/bin/cmake -E cmake_link_script CMakeFiles/cmTryCompileExec1002420428.dir/link.txt --verbose=1
/usr/bin/cc       CMakeFiles/cmTryCompileExec1002420428.dir/CheckSymbolExists.c.o  -o cmTryCompileExec1002420428 -rdynamic 
CMakeFiles/cmTryCompileExec1002420428.dir/CheckSymbolExists.c.o: In function `main':
CheckSymbolExists.c:(.text+0x16): undefined reference to `pthread_create'
collect2: error: ld returned 1 exit status
make[1]: Leaving directory `/home/binx/Documents/Research/Crazy/build/CMakeFiles/CMakeTmp'
make[1]: *** [cmTryCompileExec1002420428] Error 1
make: *** [cmTryCompileExec1002420428/fast] Error 2

File /home/binx/Documents/Research/Crazy/build/CMakeFiles/CMakeTmp/CheckSymbolExists.c:
/* */
#include <pthread.h>

int main(int argc, char** argv)
{
  (void)argv;
#ifndef pthread_create
  return ((int*)(&pthread_create))[argc];
#else
  (void)argc;
  return 0;
#endif
}

Determining if the function pthread_create exists in the pthreads failed with the following output:
Change Dir: /home/binx/Documents/Research/Crazy/build/CMakeFiles/CMakeTmp

Run Build Command:/usr/bin/make "cmTryCompileExec1670102339/fast"
/usr/bin/make -f CMakeFiles/cmTryCompileExec1670102339.dir/build.make CMakeFiles/cmTryCompileExec1670102339.dir/build
make[1]: Entering directory `/home/binx/Documents/Research/Crazy/build/CMakeFiles/CMakeTmp'
/usr/bin/cmake -E cmake_progress_report /home/binx/Documents/Research/Crazy/build/CMakeFiles/CMakeTmp/CMakeFiles 1
Building C object CMakeFiles/cmTryCompileExec1670102339.dir/CheckFunctionExists.c.o
/usr/bin/cc   -DCHECK_FUNCTION_EXISTS=pthread_create   -o CMakeFiles/cmTryCompileExec1670102339.dir/CheckFunctionExists.c.o   -c /usr/share/cmake-2.8/Modules/CheckFunctionExists.c
Linking C executable cmTryCompileExec1670102339
/usr/bin/cmake -E cmake_link_script CMakeFiles/cmTryCompileExec1670102339.dir/link.txt --verbose=1
/usr/bin/cc   -DCHECK_FUNCTION_EXISTS=pthread_create    CMakeFiles/cmTryCompileExec1670102339.dir/CheckFunctionExists.c.o  -o cmTryCompileExec1670102339 -rdynamic -lpthreads 
/usr/bin/ld: cannot find -lpthreads
collect2: error: ld returned 1 exit status
make[1]: Leaving directory `/home/binx/Documents/Research/Crazy/build/CMakeFiles/CMakeTmp'
make[1]: *** [cmTryCompileExec1670102339] Error 1
make: *** [cmTryCompileExec1670102339/fast] Error 2


